Arguments: 
  /usr/bin/node /usr/share/yarn/bin/yarn.js start

PATH: 
  /home/ubuntu/.rvm/gems/ruby-2.6.3/bin:/home/ubuntu/.rvm/gems/ruby-2.6.3@global/bin:/home/ubuntu/.rvm/rubies/ruby-2.6.3/bin:/usr/local/sbin:/usr/local/bin:/usr/sbin:/usr/bin:/sbin:/bin:/usr/games:/usr/local/games:/snap/bin:/home/ubuntu/.local/bin:/home/ubuntu/bin:/home/ubuntu/.rvm/bin:/home/ubuntu/.local/bin:/home/ubuntu/bin:/home/ubuntu/.rvm/bin:/home/ubuntu/.rvm/bin:/home/ubuntu/.local/bin:/home/ubuntu/bin:/home/ubuntu/.rvm/bin:/home/ubuntu/.rvm/bin

Yarn version: 
  1.22.5

Node version: 
  14.15.4

Platform: 
  linux x64

Trace: 
  SyntaxError: /home/ubuntu/environment/public/CoCreate-components/CoCreate-server-crud/package.json: Unexpected string in JSON at position 1453
      at JSON.parse (<anonymous>)
      at /usr/share/yarn/lib/cli.js:1625:59
      at Generator.next (<anonymous>)
      at step (/usr/share/yarn/lib/cli.js:310:30)
      at /usr/share/yarn/lib/cli.js:321:13

npm manifest: 
  {
    "name": "@cocreate/server-crud",
    "version": "1.0.0",
    "description": "A simple server-crud component in vanilla javascript. Easily configured using HTML5 data-attributes and/or JavaScript API.",
    "keywords": ["server-crud","cocreate","low-code-framework","no-code-framework","cocreatejs","cocreatejs-component","cocreate-framework","no-code","low-code","collaborative-framework","realtime","realtime-framework","collaboration","shared-editing","html5-framework","javascript-framework"],
    "publishConfig": {
      "access": "public"
    },
    "scripts": {
      "start": "npx webpack --config webpack.config.js --watch",
      "build": "NODE_ENV=production npx webpack --config webpack.config.js",
      "docs": "node ./node_modules/@cocreate/docs/src/index.js"
    },
    "repository": {
      "type": "git",
      "url": "git+https://github.com/CoCreate-app/CoCreate-server-crud.git"
    },
    "author": "CoCreate LLC",
    "license": "MIT",
    "bugs": {
      "url": "https://github.com/CoCreate-app/CoCreate-server-crud/issues"
    },
    "homepage": "https://cocreate.app/docs/server-crud",
    "funding": {
    "type": "GitHub Sponsors ❤",
    "url": "https://github.com/sponsors/CoCreate-app"
  },
  "main": "./src/index.js",
  "devDependencies": {
      "@babel/core": "^7.12.10",
      "@babel/preset-env": "^7.12.11",
      "babel-loader": "^8.2.2",
      "clean-webpack-plugin": "^3.0.0",
      "html-webpack-plugin": "^4.5.0",
      "uglifyjs-webpack-plugin": "^2.2.0",
      "webpack": "^5.14.0",
      "webpack-cli": "^4.3.1",
      "webpack-log": "^3.0.1"
    },
    "dependencies": {
      "@cocreate/docs": "^1.0.3"
      "ws": "^7.3.1"
    }
  }

yarn manifest: 
  No manifest

Lockfile: 
  No lockfile
